2021-07-09 15:05:57 INFO  BasePage:48 - '[[ChromeDriver: chrome on WINDOWS (9e345972a303cef087b2ef2bc4e23f35)] -> id: signinAction]' was found
2021-07-09 15:05:58 INFO  BasePage:48 - '[[ChromeDriver: chrome on WINDOWS (9e345972a303cef087b2ef2bc4e23f35)] -> id: loginMobile]' was found
2021-07-09 15:05:58 INFO  SignInPages:70 - 
2021-07-09 15:05:58 INFO  BasePage:48 - '[[ChromeDriver: chrome on WINDOWS (9e345972a303cef087b2ef2bc4e23f35)] -> id: loginAction]' was found
2021-07-09 15:05:58 INFO  SignInPages:84 - 
2021-07-09 15:08:23 INFO  BasePage:48 - '[[ChromeDriver: chrome on WINDOWS (83a8d6fe85b925dba6957eee16a747ea)] -> id: signinAction]' was found
2021-07-09 15:08:24 INFO  BasePage:48 - '[[ChromeDriver: chrome on WINDOWS (83a8d6fe85b925dba6957eee16a747ea)] -> id: loginMobile]' was found
2021-07-09 15:08:24 INFO  SignInPages:70 - 
2021-07-09 15:08:24 INFO  BasePage:48 - '[[ChromeDriver: chrome on WINDOWS (83a8d6fe85b925dba6957eee16a747ea)] -> id: loginAction]' was found
2021-07-09 15:08:24 INFO  SignInPages:84 - 
2021-07-09 15:08:43 INFO  BasePage:48 - '[[ChromeDriver: chrome on WINDOWS (83a8d6fe85b925dba6957eee16a747ea)] -> xpath: //input[@class='otp-input'][1]]' was found
2021-07-09 15:08:53 ERROR SignInPages:117 - org.openqa.selenium.ElementNotInteractableException: element not interactable
  (Session info: chrome=91.0.4472.124)
Build info: version: '3.141.59', revision: 'e82be7d358', time: '2018-11-14T08:25:53'
System info: host: 'C40LAP-12463', ip: '192.168.29.172', os.name: 'Windows 10', os.arch: 'amd64', os.version: '10.0', java.version: '16.0.1'
Driver info: org.openqa.selenium.chrome.ChromeDriver
Capabilities {acceptInsecureCerts: false, browserName: chrome, browserVersion: 91.0.4472.124, chrome: {chromedriverVersion: 91.0.4472.101 (af52a90bf870..., userDataDir: C:\Users\SANDEE~1.NAG\AppDa...}, goog:chromeOptions: {debuggerAddress: localhost:55252}, javascriptEnabled: true, networkConnectionEnabled: false, pageLoadStrategy: normal, platform: WINDOWS, platformName: WINDOWS, proxy: Proxy(), setWindowRect: true, strictFileInteractability: false, timeouts: {implicit: 0, pageLoad: 300000, script: 30000}, unhandledPromptBehavior: dismiss and notify, webauthn:extension:largeBlob: true, webauthn:virtualAuthenticators: true}
Session ID: 83a8d6fe85b925dba6957eee16a747ea
2021-07-09 15:08:53 INFO  BasePage:48 - '[[ChromeDriver: chrome on WINDOWS (83a8d6fe85b925dba6957eee16a747ea)] -> id: verifyOtpAction]' was found
2021-07-09 15:08:53 INFO  SignInPages:127 - Click on Login Button.
2021-07-09 15:09:04 INFO  BasePage:52 - '[[ChromeDriver: chrome on WINDOWS (83a8d6fe85b925dba6957eee16a747ea)] -> id: myAccountDiv]' unable to find the element.Exception : org.openqa.selenium.TimeoutException: Expected condition failed: waiting for visibility of [[ChromeDriver: chrome on WINDOWS (83a8d6fe85b925dba6957eee16a747ea)] -> id: myAccountDiv] (tried for 10 second(s) with 500 milliseconds interval)
Build info: version: '3.141.59', revision: 'e82be7d358', time: '2018-11-14T08:25:53'
System info: host: 'C40LAP-12463', ip: '192.168.29.172', os.name: 'Windows 10', os.arch: 'amd64', os.version: '10.0', java.version: '16.0.1'
Driver info: org.openqa.selenium.chrome.ChromeDriver
Capabilities {acceptInsecureCerts: false, browserName: chrome, browserVersion: 91.0.4472.124, chrome: {chromedriverVersion: 91.0.4472.101 (af52a90bf870..., userDataDir: C:\Users\SANDEE~1.NAG\AppDa...}, goog:chromeOptions: {debuggerAddress: localhost:55252}, javascriptEnabled: true, networkConnectionEnabled: false, pageLoadStrategy: normal, platform: WINDOWS, platformName: WINDOWS, proxy: Proxy(), setWindowRect: true, strictFileInteractability: false, timeouts: {implicit: 0, pageLoad: 300000, script: 30000}, unhandledPromptBehavior: dismiss and notify, webauthn:extension:largeBlob: true, webauthn:virtualAuthenticators: true}
Session ID: 83a8d6fe85b925dba6957eee16a747ea
2021-07-09 15:09:07 INFO  BasePage:48 - '[[ChromeDriver: chrome on WINDOWS (83a8d6fe85b925dba6957eee16a747ea)] -> id: myAccountDiv]' was found
2021-07-09 15:38:46 INFO  BasePage:48 - '[[ChromeDriver: chrome on WINDOWS (e074f3e09fc3032492764d805cdc1be8)] -> id: signinAction]' was found
2021-07-09 15:38:47 INFO  BasePage:48 - '[[ChromeDriver: chrome on WINDOWS (e074f3e09fc3032492764d805cdc1be8)] -> id: loginMobile]' was found
2021-07-09 15:38:47 INFO  SignInPages:70 - 
2021-07-09 15:38:47 INFO  BasePage:48 - '[[ChromeDriver: chrome on WINDOWS (e074f3e09fc3032492764d805cdc1be8)] -> id: loginAction]' was found
2021-07-09 15:38:47 INFO  SignInPages:84 - 
2021-07-09 15:39:46 INFO  BasePage:48 - '[[ChromeDriver: chrome on WINDOWS (e074f3e09fc3032492764d805cdc1be8)] -> xpath: //input[@class='otp-input'][1]]' was found
2021-07-09 15:39:56 ERROR SignInPages:117 - org.openqa.selenium.ElementNotInteractableException: element not interactable
  (Session info: chrome=91.0.4472.124)
Build info: version: '3.141.59', revision: 'e82be7d358', time: '2018-11-14T08:25:53'
System info: host: 'C40LAP-12463', ip: '192.168.29.172', os.name: 'Windows 10', os.arch: 'amd64', os.version: '10.0', java.version: '16.0.1'
Driver info: org.openqa.selenium.chrome.ChromeDriver
Capabilities {acceptInsecureCerts: false, browserName: chrome, browserVersion: 91.0.4472.124, chrome: {chromedriverVersion: 91.0.4472.101 (af52a90bf870..., userDataDir: C:\Users\SANDEE~1.NAG\AppDa...}, goog:chromeOptions: {debuggerAddress: localhost:62629}, javascriptEnabled: true, networkConnectionEnabled: false, pageLoadStrategy: normal, platform: WINDOWS, platformName: WINDOWS, proxy: Proxy(), setWindowRect: true, strictFileInteractability: false, timeouts: {implicit: 0, pageLoad: 300000, script: 30000}, unhandledPromptBehavior: dismiss and notify, webauthn:extension:largeBlob: true, webauthn:virtualAuthenticators: true}
Session ID: e074f3e09fc3032492764d805cdc1be8
2021-07-09 15:39:56 INFO  BasePage:48 - '[[ChromeDriver: chrome on WINDOWS (e074f3e09fc3032492764d805cdc1be8)] -> id: verifyOtpAction]' was found
2021-07-09 15:39:56 INFO  SignInPages:127 - Click on Login Button.
2021-07-09 15:40:07 INFO  BasePage:52 - '[[ChromeDriver: chrome on WINDOWS (e074f3e09fc3032492764d805cdc1be8)] -> id: myAccountDiv]' unable to find the element.Exception : org.openqa.selenium.TimeoutException: Expected condition failed: waiting for visibility of [[ChromeDriver: chrome on WINDOWS (e074f3e09fc3032492764d805cdc1be8)] -> id: myAccountDiv] (tried for 10 second(s) with 500 milliseconds interval)
Build info: version: '3.141.59', revision: 'e82be7d358', time: '2018-11-14T08:25:53'
System info: host: 'C40LAP-12463', ip: '192.168.29.172', os.name: 'Windows 10', os.arch: 'amd64', os.version: '10.0', java.version: '16.0.1'
Driver info: org.openqa.selenium.chrome.ChromeDriver
Capabilities {acceptInsecureCerts: false, browserName: chrome, browserVersion: 91.0.4472.124, chrome: {chromedriverVersion: 91.0.4472.101 (af52a90bf870..., userDataDir: C:\Users\SANDEE~1.NAG\AppDa...}, goog:chromeOptions: {debuggerAddress: localhost:62629}, javascriptEnabled: true, networkConnectionEnabled: false, pageLoadStrategy: normal, platform: WINDOWS, platformName: WINDOWS, proxy: Proxy(), setWindowRect: true, strictFileInteractability: false, timeouts: {implicit: 0, pageLoad: 300000, script: 30000}, unhandledPromptBehavior: dismiss and notify, webauthn:extension:largeBlob: true, webauthn:virtualAuthenticators: true}
Session ID: e074f3e09fc3032492764d805cdc1be8
2021-07-09 15:40:09 INFO  BasePage:48 - '[[ChromeDriver: chrome on WINDOWS (e074f3e09fc3032492764d805cdc1be8)] -> id: myAccountDiv]' was found
2021-07-09 16:04:54 INFO  BasePage:48 - '[[ChromeDriver: chrome on WINDOWS (721c083038f6c6c759c47fd50cabc718)] -> id: signinAction]' was found
2021-07-09 16:04:55 INFO  BasePage:48 - '[[ChromeDriver: chrome on WINDOWS (721c083038f6c6c759c47fd50cabc718)] -> id: loginMobile]' was found
2021-07-09 16:04:55 INFO  SignInPages:71 - 
2021-07-09 16:04:55 INFO  BasePage:48 - '[[ChromeDriver: chrome on WINDOWS (721c083038f6c6c759c47fd50cabc718)] -> id: loginAction]' was found
2021-07-09 16:04:56 INFO  SignInPages:85 - 
2021-07-09 16:07:30 INFO  BasePage:48 - '[[ChromeDriver: chrome on WINDOWS (13949a47736a43306ede6615ac2258cc)] -> id: signinAction]' was found
2021-07-09 16:07:31 INFO  BasePage:48 - '[[ChromeDriver: chrome on WINDOWS (13949a47736a43306ede6615ac2258cc)] -> id: loginMobile]' was found
2021-07-09 16:07:31 INFO  SignInPages:71 - 
2021-07-09 16:07:31 INFO  BasePage:48 - '[[ChromeDriver: chrome on WINDOWS (13949a47736a43306ede6615ac2258cc)] -> id: loginAction]' was found
2021-07-09 16:07:31 INFO  SignInPages:85 - 
2021-07-09 16:07:53 INFO  BasePage:48 - '[[ChromeDriver: chrome on WINDOWS (13949a47736a43306ede6615ac2258cc)] -> xpath: //input[@class='otp-input'][1]]' was found
2021-07-09 16:08:03 ERROR SignInPages:120 - org.openqa.selenium.ElementNotInteractableException: element not interactable
  (Session info: chrome=91.0.4472.124)
Build info: version: '3.141.59', revision: 'e82be7d358', time: '2018-11-14T08:25:53'
System info: host: 'C40LAP-12463', ip: '192.168.29.172', os.name: 'Windows 10', os.arch: 'amd64', os.version: '10.0', java.version: '16.0.1'
Driver info: org.openqa.selenium.chrome.ChromeDriver
Capabilities {acceptInsecureCerts: false, browserName: chrome, browserVersion: 91.0.4472.124, chrome: {chromedriverVersion: 91.0.4472.101 (af52a90bf870..., userDataDir: C:\Users\SANDEE~1.NAG\AppDa...}, goog:chromeOptions: {debuggerAddress: localhost:51359}, javascriptEnabled: true, networkConnectionEnabled: false, pageLoadStrategy: normal, platform: WINDOWS, platformName: WINDOWS, proxy: Proxy(), setWindowRect: true, strictFileInteractability: false, timeouts: {implicit: 0, pageLoad: 300000, script: 30000}, unhandledPromptBehavior: dismiss and notify, webauthn:extension:largeBlob: true, webauthn:virtualAuthenticators: true}
Session ID: 13949a47736a43306ede6615ac2258cc
2021-07-09 16:08:03 INFO  BasePage:48 - '[[ChromeDriver: chrome on WINDOWS (13949a47736a43306ede6615ac2258cc)] -> id: verifyOtpAction]' was found
2021-07-09 16:08:03 INFO  SignInPages:130 - Click on Login Button.
2021-07-09 16:08:13 INFO  BasePage:52 - '[[ChromeDriver: chrome on WINDOWS (13949a47736a43306ede6615ac2258cc)] -> id: myAccountDiv]' unable to find the element.Exception : org.openqa.selenium.TimeoutException: Expected condition failed: waiting for visibility of [[ChromeDriver: chrome on WINDOWS (13949a47736a43306ede6615ac2258cc)] -> id: myAccountDiv] (tried for 10 second(s) with 500 milliseconds interval)
Build info: version: '3.141.59', revision: 'e82be7d358', time: '2018-11-14T08:25:53'
System info: host: 'C40LAP-12463', ip: '192.168.29.172', os.name: 'Windows 10', os.arch: 'amd64', os.version: '10.0', java.version: '16.0.1'
Driver info: org.openqa.selenium.chrome.ChromeDriver
Capabilities {acceptInsecureCerts: false, browserName: chrome, browserVersion: 91.0.4472.124, chrome: {chromedriverVersion: 91.0.4472.101 (af52a90bf870..., userDataDir: C:\Users\SANDEE~1.NAG\AppDa...}, goog:chromeOptions: {debuggerAddress: localhost:51359}, javascriptEnabled: true, networkConnectionEnabled: false, pageLoadStrategy: normal, platform: WINDOWS, platformName: WINDOWS, proxy: Proxy(), setWindowRect: true, strictFileInteractability: false, timeouts: {implicit: 0, pageLoad: 300000, script: 30000}, unhandledPromptBehavior: dismiss and notify, webauthn:extension:largeBlob: true, webauthn:virtualAuthenticators: true}
Session ID: 13949a47736a43306ede6615ac2258cc
2021-07-09 16:08:23 ERROR HomePage:61 - org.openqa.selenium.ElementNotInteractableException: element not interactable
  (Session info: chrome=91.0.4472.124)
Build info: version: '3.141.59', revision: 'e82be7d358', time: '2018-11-14T08:25:53'
System info: host: 'C40LAP-12463', ip: '192.168.29.172', os.name: 'Windows 10', os.arch: 'amd64', os.version: '10.0', java.version: '16.0.1'
Driver info: org.openqa.selenium.chrome.ChromeDriver
Capabilities {acceptInsecureCerts: false, browserName: chrome, browserVersion: 91.0.4472.124, chrome: {chromedriverVersion: 91.0.4472.101 (af52a90bf870..., userDataDir: C:\Users\SANDEE~1.NAG\AppDa...}, goog:chromeOptions: {debuggerAddress: localhost:51359}, javascriptEnabled: true, networkConnectionEnabled: false, pageLoadStrategy: normal, platform: WINDOWS, platformName: WINDOWS, proxy: Proxy(), setWindowRect: true, strictFileInteractability: false, timeouts: {implicit: 0, pageLoad: 300000, script: 30000}, unhandledPromptBehavior: dismiss and notify, webauthn:extension:largeBlob: true, webauthn:virtualAuthenticators: true}
Session ID: 13949a47736a43306ede6615ac2258cc
2021-07-09 16:08:34 INFO  BasePage:52 - '[[ChromeDriver: chrome on WINDOWS (13949a47736a43306ede6615ac2258cc)] -> id: myAccountDiv]' unable to find the element.Exception : org.openqa.selenium.TimeoutException: Expected condition failed: waiting for visibility of [[ChromeDriver: chrome on WINDOWS (13949a47736a43306ede6615ac2258cc)] -> id: myAccountDiv] (tried for 10 second(s) with 500 milliseconds interval)
Build info: version: '3.141.59', revision: 'e82be7d358', time: '2018-11-14T08:25:53'
System info: host: 'C40LAP-12463', ip: '192.168.29.172', os.name: 'Windows 10', os.arch: 'amd64', os.version: '10.0', java.version: '16.0.1'
Driver info: org.openqa.selenium.chrome.ChromeDriver
Capabilities {acceptInsecureCerts: false, browserName: chrome, browserVersion: 91.0.4472.124, chrome: {chromedriverVersion: 91.0.4472.101 (af52a90bf870..., userDataDir: C:\Users\SANDEE~1.NAG\AppDa...}, goog:chromeOptions: {debuggerAddress: localhost:51359}, javascriptEnabled: true, networkConnectionEnabled: false, pageLoadStrategy: normal, platform: WINDOWS, platformName: WINDOWS, proxy: Proxy(), setWindowRect: true, strictFileInteractability: false, timeouts: {implicit: 0, pageLoad: 300000, script: 30000}, unhandledPromptBehavior: dismiss and notify, webauthn:extension:largeBlob: true, webauthn:virtualAuthenticators: true}
Session ID: 13949a47736a43306ede6615ac2258cc
2021-07-09 16:08:44 ERROR HomePage:74 - org.openqa.selenium.ElementNotInteractableException: element not interactable
  (Session info: chrome=91.0.4472.124)
Build info: version: '3.141.59', revision: 'e82be7d358', time: '2018-11-14T08:25:53'
System info: host: 'C40LAP-12463', ip: '192.168.29.172', os.name: 'Windows 10', os.arch: 'amd64', os.version: '10.0', java.version: '16.0.1'
Driver info: org.openqa.selenium.chrome.ChromeDriver
Capabilities {acceptInsecureCerts: false, browserName: chrome, browserVersion: 91.0.4472.124, chrome: {chromedriverVersion: 91.0.4472.101 (af52a90bf870..., userDataDir: C:\Users\SANDEE~1.NAG\AppDa...}, goog:chromeOptions: {debuggerAddress: localhost:51359}, javascriptEnabled: true, networkConnectionEnabled: false, pageLoadStrategy: normal, platform: WINDOWS, platformName: WINDOWS, proxy: Proxy(), setWindowRect: true, strictFileInteractability: false, timeouts: {implicit: 0, pageLoad: 300000, script: 30000}, unhandledPromptBehavior: dismiss and notify, webauthn:extension:largeBlob: true, webauthn:virtualAuthenticators: true}
Session ID: 13949a47736a43306ede6615ac2258cc
2021-07-09 16:23:51 INFO  BasePage:48 - '[[ChromeDriver: chrome on WINDOWS (d48d9346f186b3d6bcddff74e8c7fb03)] -> id: signinAction]' was found
2021-07-09 16:23:52 INFO  BasePage:48 - '[[ChromeDriver: chrome on WINDOWS (d48d9346f186b3d6bcddff74e8c7fb03)] -> id: loginMobile]' was found
2021-07-09 16:23:52 INFO  SignInPages:71 - 
2021-07-09 16:23:53 INFO  BasePage:48 - '[[ChromeDriver: chrome on WINDOWS (d48d9346f186b3d6bcddff74e8c7fb03)] -> id: loginAction]' was found
2021-07-09 16:23:53 INFO  SignInPages:85 - 
2021-07-09 16:24:04 ERROR SignInPages:120 - java.lang.ArrayIndexOutOfBoundsException: Index 4 out of bounds for length 4
2021-07-09 16:24:04 INFO  BasePage:48 - '[[ChromeDriver: chrome on WINDOWS (d48d9346f186b3d6bcddff74e8c7fb03)] -> id: verifyOtpAction]' was found
2021-07-09 16:24:05 INFO  SignInPages:130 - Click on Login Button.
2021-07-09 16:24:15 INFO  BasePage:52 - '[[ChromeDriver: chrome on WINDOWS (d48d9346f186b3d6bcddff74e8c7fb03)] -> id: myAccountDiv]' unable to find the element.Exception : org.openqa.selenium.TimeoutException: Expected condition failed: waiting for visibility of [[ChromeDriver: chrome on WINDOWS (d48d9346f186b3d6bcddff74e8c7fb03)] -> id: myAccountDiv] (tried for 10 second(s) with 500 milliseconds interval)
Build info: version: '3.141.59', revision: 'e82be7d358', time: '2018-11-14T08:25:53'
System info: host: 'C40LAP-12463', ip: '192.168.29.172', os.name: 'Windows 10', os.arch: 'amd64', os.version: '10.0', java.version: '16.0.1'
Driver info: org.openqa.selenium.chrome.ChromeDriver
Capabilities {acceptInsecureCerts: false, browserName: chrome, browserVersion: 91.0.4472.124, chrome: {chromedriverVersion: 91.0.4472.101 (af52a90bf870..., userDataDir: C:\Users\SANDEE~1.NAG\AppDa...}, goog:chromeOptions: {debuggerAddress: localhost:54131}, javascriptEnabled: true, networkConnectionEnabled: false, pageLoadStrategy: normal, platform: WINDOWS, platformName: WINDOWS, proxy: Proxy(), setWindowRect: true, strictFileInteractability: false, timeouts: {implicit: 0, pageLoad: 300000, script: 30000}, unhandledPromptBehavior: dismiss and notify, webauthn:extension:largeBlob: true, webauthn:virtualAuthenticators: true}
Session ID: d48d9346f186b3d6bcddff74e8c7fb03
2021-07-09 16:24:25 ERROR HomePage:61 - org.openqa.selenium.ElementNotInteractableException: element not interactable
  (Session info: chrome=91.0.4472.124)
Build info: version: '3.141.59', revision: 'e82be7d358', time: '2018-11-14T08:25:53'
System info: host: 'C40LAP-12463', ip: '192.168.29.172', os.name: 'Windows 10', os.arch: 'amd64', os.version: '10.0', java.version: '16.0.1'
Driver info: org.openqa.selenium.chrome.ChromeDriver
Capabilities {acceptInsecureCerts: false, browserName: chrome, browserVersion: 91.0.4472.124, chrome: {chromedriverVersion: 91.0.4472.101 (af52a90bf870..., userDataDir: C:\Users\SANDEE~1.NAG\AppDa...}, goog:chromeOptions: {debuggerAddress: localhost:54131}, javascriptEnabled: true, networkConnectionEnabled: false, pageLoadStrategy: normal, platform: WINDOWS, platformName: WINDOWS, proxy: Proxy(), setWindowRect: true, strictFileInteractability: false, timeouts: {implicit: 0, pageLoad: 300000, script: 30000}, unhandledPromptBehavior: dismiss and notify, webauthn:extension:largeBlob: true, webauthn:virtualAuthenticators: true}
Session ID: d48d9346f186b3d6bcddff74e8c7fb03
2021-07-09 16:24:28 INFO  BasePage:48 - '[[ChromeDriver: chrome on WINDOWS (d48d9346f186b3d6bcddff74e8c7fb03)] -> id: myAccountDiv]' was found
2021-07-12 11:23:08 INFO  BasePage:48 - '[[ChromeDriver: chrome on WINDOWS (86903eeb704e65ecc42091e5fdcabb53)] -> id: signinAction]' was found
2021-07-12 11:23:08 INFO  BasePage:48 - '[[ChromeDriver: chrome on WINDOWS (86903eeb704e65ecc42091e5fdcabb53)] -> id: loginMobile]' was found
2021-07-12 11:23:09 INFO  SignInPages:71 - 
2021-07-12 11:23:09 INFO  BasePage:48 - '[[ChromeDriver: chrome on WINDOWS (86903eeb704e65ecc42091e5fdcabb53)] -> id: loginAction]' was found
2021-07-12 11:23:09 INFO  SignInPages:85 - 
2021-07-12 11:23:53 ERROR SignInPages:120 - java.lang.ArrayIndexOutOfBoundsException: Index 4 out of bounds for length 4
2021-07-12 11:23:53 INFO  BasePage:48 - '[[ChromeDriver: chrome on WINDOWS (86903eeb704e65ecc42091e5fdcabb53)] -> id: verifyOtpAction]' was found
2021-07-12 11:23:53 INFO  SignInPages:130 - Click on Login Button.
2021-07-12 11:24:03 INFO  BasePage:52 - '[[ChromeDriver: chrome on WINDOWS (86903eeb704e65ecc42091e5fdcabb53)] -> id: myAccountDiv]' unable to find the element.Exception : org.openqa.selenium.TimeoutException: Expected condition failed: waiting for visibility of [[ChromeDriver: chrome on WINDOWS (86903eeb704e65ecc42091e5fdcabb53)] -> id: myAccountDiv] (tried for 10 second(s) with 500 milliseconds interval)
Build info: version: '3.141.59', revision: 'e82be7d358', time: '2018-11-14T08:25:53'
System info: host: 'C40LAP-12463', ip: '192.168.29.172', os.name: 'Windows 10', os.arch: 'amd64', os.version: '10.0', java.version: '16.0.1'
Driver info: org.openqa.selenium.chrome.ChromeDriver
Capabilities {acceptInsecureCerts: false, browserName: chrome, browserVersion: 91.0.4472.124, chrome: {chromedriverVersion: 91.0.4472.101 (af52a90bf870..., userDataDir: C:\Users\SANDEE~1.NAG\AppDa...}, goog:chromeOptions: {debuggerAddress: localhost:50247}, javascriptEnabled: true, networkConnectionEnabled: false, pageLoadStrategy: normal, platform: WINDOWS, platformName: WINDOWS, proxy: Proxy(), setWindowRect: true, strictFileInteractability: false, timeouts: {implicit: 0, pageLoad: 300000, script: 30000}, unhandledPromptBehavior: dismiss and notify, webauthn:extension:largeBlob: true, webauthn:virtualAuthenticators: true}
Session ID: 86903eeb704e65ecc42091e5fdcabb53
2021-07-12 11:33:11 INFO  BasePage:48 - '[[ChromeDriver: chrome on WINDOWS (474fb16e57c0e95b5fa2e8f8322063d5)] -> id: signinAction]' was found
2021-07-12 11:33:12 INFO  BasePage:48 - '[[ChromeDriver: chrome on WINDOWS (474fb16e57c0e95b5fa2e8f8322063d5)] -> id: loginMobile]' was found
2021-07-12 11:33:12 INFO  BasePage:48 - '[[ChromeDriver: chrome on WINDOWS (474fb16e57c0e95b5fa2e8f8322063d5)] -> id: loginAction]' was found
2021-07-12 11:33:12 INFO  SignInPages:85 - 
2021-07-12 11:33:27 INFO  BasePage:48 - '[[ChromeDriver: chrome on WINDOWS (474fb16e57c0e95b5fa2e8f8322063d5)] -> xpath: //input[@class='otp-input'][1]]' was found
2021-07-12 11:33:27 INFO  BasePage:48 - '[[ChromeDriver: chrome on WINDOWS (474fb16e57c0e95b5fa2e8f8322063d5)] -> xpath: //input[@class='otp-input'][2]]' was found
2021-07-12 11:33:27 INFO  BasePage:48 - '[[ChromeDriver: chrome on WINDOWS (474fb16e57c0e95b5fa2e8f8322063d5)] -> xpath: //input[@class='otp-input'][3]]' was found
2021-07-12 11:33:27 INFO  BasePage:48 - '[[ChromeDriver: chrome on WINDOWS (474fb16e57c0e95b5fa2e8f8322063d5)] -> xpath: //input[@class='otp-input'][4]]' was found
2021-07-12 11:33:27 INFO  BasePage:48 - '[[ChromeDriver: chrome on WINDOWS (474fb16e57c0e95b5fa2e8f8322063d5)] -> id: verifyOtpAction]' was found
2021-07-12 11:33:28 INFO  BasePage:48 - '[[ChromeDriver: chrome on WINDOWS (474fb16e57c0e95b5fa2e8f8322063d5)] -> id: verifyOtpAction]' was found
2021-07-12 11:33:28 INFO  SignInPages:136 - Click on Login Button.
2021-07-12 11:33:28 INFO  BasePage:48 - '[[ChromeDriver: chrome on WINDOWS (474fb16e57c0e95b5fa2e8f8322063d5)] -> id: myAccountDiv]' was found
2021-07-12 11:33:28 INFO  BasePage:48 - '[[ChromeDriver: chrome on WINDOWS (474fb16e57c0e95b5fa2e8f8322063d5)] -> id: myAccountDiv]' was found
2021-07-12 11:55:38 INFO  BasePage:48 - '[[ChromeDriver: chrome on WINDOWS (90cd6fd8d83606f573c88043143e4fbb)] -> id: signinAction]' was found
2021-07-12 11:55:49 INFO  BasePage:48 - '[[ChromeDriver: chrome on WINDOWS (90cd6fd8d83606f573c88043143e4fbb)] -> id: loginMobile]' was found
2021-07-12 11:55:49 INFO  BasePage:48 - '[[ChromeDriver: chrome on WINDOWS (90cd6fd8d83606f573c88043143e4fbb)] -> id: loginAction]' was found
2021-07-12 11:55:49 INFO  SignInPages:83 - 
2021-07-12 11:56:09 INFO  BasePage:48 - '[[ChromeDriver: chrome on WINDOWS (90cd6fd8d83606f573c88043143e4fbb)] -> xpath: //input[@class='otp-input'][1]]' was found
2021-07-12 11:56:09 INFO  BasePage:48 - '[[ChromeDriver: chrome on WINDOWS (90cd6fd8d83606f573c88043143e4fbb)] -> xpath: //input[@class='otp-input'][2]]' was found
2021-07-12 11:56:09 INFO  BasePage:48 - '[[ChromeDriver: chrome on WINDOWS (90cd6fd8d83606f573c88043143e4fbb)] -> xpath: //input[@class='otp-input'][3]]' was found
2021-07-12 11:56:09 INFO  BasePage:48 - '[[ChromeDriver: chrome on WINDOWS (90cd6fd8d83606f573c88043143e4fbb)] -> xpath: //input[@class='otp-input'][4]]' was found
2021-07-12 11:56:09 INFO  BasePage:48 - '[[ChromeDriver: chrome on WINDOWS (90cd6fd8d83606f573c88043143e4fbb)] -> id: verifyOtpAction]' was found
2021-07-12 11:56:09 INFO  BasePage:48 - '[[ChromeDriver: chrome on WINDOWS (90cd6fd8d83606f573c88043143e4fbb)] -> id: verifyOtpAction]' was found
2021-07-12 11:56:09 INFO  SignInPages:134 - Click on Login Button.
2021-07-12 11:56:10 INFO  BasePage:48 - '[[ChromeDriver: chrome on WINDOWS (90cd6fd8d83606f573c88043143e4fbb)] -> id: myAccountDiv]' was found
2021-07-12 11:56:10 INFO  BasePage:48 - '[[ChromeDriver: chrome on WINDOWS (90cd6fd8d83606f573c88043143e4fbb)] -> id: myAccountDiv]' was found
2021-07-19 10:54:27 INFO  BasePage:48 - '[[ChromeDriver: chrome on WINDOWS (778d43217b9228643d6e2f4d6f61c615)] -> id: signinAction]' was found
2021-07-19 10:54:51 INFO  BasePage:48 - '[[ChromeDriver: chrome on WINDOWS (778d43217b9228643d6e2f4d6f61c615)] -> id: loginMobile]' was found
2021-07-19 10:54:51 INFO  BasePage:48 - '[[ChromeDriver: chrome on WINDOWS (778d43217b9228643d6e2f4d6f61c615)] -> id: loginAction]' was found
2021-07-19 10:54:51 INFO  SignInPages:83 - 
2021-07-19 10:55:23 INFO  BasePage:48 - '[[ChromeDriver: chrome on WINDOWS (778d43217b9228643d6e2f4d6f61c615)] -> xpath: //input[@class='otp-input'][1]]' was found
2021-07-19 10:55:23 INFO  BasePage:48 - '[[ChromeDriver: chrome on WINDOWS (778d43217b9228643d6e2f4d6f61c615)] -> xpath: //input[@class='otp-input'][2]]' was found
2021-07-19 10:55:23 INFO  BasePage:48 - '[[ChromeDriver: chrome on WINDOWS (778d43217b9228643d6e2f4d6f61c615)] -> xpath: //input[@class='otp-input'][3]]' was found
2021-07-19 10:55:23 INFO  BasePage:48 - '[[ChromeDriver: chrome on WINDOWS (778d43217b9228643d6e2f4d6f61c615)] -> xpath: //input[@class='otp-input'][4]]' was found
2021-07-19 10:55:23 INFO  BasePage:48 - '[[ChromeDriver: chrome on WINDOWS (778d43217b9228643d6e2f4d6f61c615)] -> id: verifyOtpAction]' was found
2021-07-19 10:55:23 INFO  BasePage:48 - '[[ChromeDriver: chrome on WINDOWS (778d43217b9228643d6e2f4d6f61c615)] -> id: verifyOtpAction]' was found
2021-07-19 10:55:23 INFO  SignInPages:134 - Click on Login Button.
2021-07-19 10:55:24 INFO  BasePage:48 - '[[ChromeDriver: chrome on WINDOWS (778d43217b9228643d6e2f4d6f61c615)] -> id: myAccountDiv]' was found
2021-07-19 10:55:24 INFO  BasePage:48 - '[[ChromeDriver: chrome on WINDOWS (778d43217b9228643d6e2f4d6f61c615)] -> id: myAccountDiv]' was found
2021-07-19 10:57:24 INFO  BasePage:48 - '[[ChromeDriver: chrome on WINDOWS (65095bc2f7da378488a2f08242b01ad3)] -> id: signinAction]' was found
2021-07-19 10:57:35 INFO  BasePage:48 - '[[ChromeDriver: chrome on WINDOWS (65095bc2f7da378488a2f08242b01ad3)] -> id: loginMobile]' was found
2021-07-19 10:57:35 INFO  BasePage:48 - '[[ChromeDriver: chrome on WINDOWS (65095bc2f7da378488a2f08242b01ad3)] -> id: loginAction]' was found
2021-07-19 10:57:35 INFO  SignInPages:83 - 
2021-07-19 10:57:47 INFO  BasePage:48 - '[[ChromeDriver: chrome on WINDOWS (65095bc2f7da378488a2f08242b01ad3)] -> xpath: //input[@class='otp-input'][1]]' was found
2021-07-19 10:57:47 INFO  BasePage:48 - '[[ChromeDriver: chrome on WINDOWS (65095bc2f7da378488a2f08242b01ad3)] -> xpath: //input[@class='otp-input'][2]]' was found
2021-07-19 10:57:47 INFO  BasePage:48 - '[[ChromeDriver: chrome on WINDOWS (65095bc2f7da378488a2f08242b01ad3)] -> xpath: //input[@class='otp-input'][3]]' was found
2021-07-19 10:57:47 INFO  BasePage:48 - '[[ChromeDriver: chrome on WINDOWS (65095bc2f7da378488a2f08242b01ad3)] -> xpath: //input[@class='otp-input'][4]]' was found
2021-07-19 10:57:47 INFO  BasePage:48 - '[[ChromeDriver: chrome on WINDOWS (65095bc2f7da378488a2f08242b01ad3)] -> id: verifyOtpAction]' was found
